Using pre-set license
Built from '2020.3/staging' branch; Version is '2020.3.45f1 (660cd1701bd5) revision 6687953'; Using compiler version '192528614'; Build Type 'Release'
OS: 'Windows 10  (10.0.19045) 64bit Professional' Language: 'ko' Physical Memory: 16336 MB
BatchMode: 1, IsHumanControllingUs: 0, StartBugReporterOnCrash: 0, Is64bit: 1, IsPro: 0

COMMAND LINE ARGUMENTS:
C:\Program Files\Unity\Hub\Editor\2020.3.45f1\Editor\Unity.exe
-adb2
-batchMode
-noUpm
-name
AssetImportWorker0
-projectPath
C:/Users/shoseo/Desktop/고우림/TPS1211/TPS1111/My project
-logFile
Logs/AssetImportWorker0.log
-srvPort
56047
Successfully changed project path to: C:/Users/shoseo/Desktop/고우림/TPS1211/TPS1111/My project
C:/Users/shoseo/Desktop/고우림/TPS1211/TPS1111/My project
Using Asset Import Pipeline V2.
Player connection [12076] Host "[IP] 200.1.2.140 [Port] 805523488 [Flags] 2 [Guid] 4217802554 [EditorId] 4217802554 [Version] 1048832 [Id] WindowsEditor(7,704-10) [Debug] 1 [PackageName] WindowsEditor [ProjectName] Editor" joined multi-casting on [225.0.0.222:54997]...

Player connection [12076] Host "[IP] 200.1.2.140 [Port] 805523488 [Flags] 2 [Guid] 4217802554 [EditorId] 4217802554 [Version] 1048832 [Id] WindowsEditor(7,704-10) [Debug] 1 [PackageName] WindowsEditor [ProjectName] Editor" joined alternative multi-casting on [225.0.0.222:34997]...

Refreshing native plugins compatible for Editor in 73.84 ms, found 2 plugins.
Preloading 0 native plugins for Editor in 0.00 ms.
Initialize engine version: 2020.3.45f1 (660cd1701bd5)
[Subsystems] Discovering subsystems at path C:/Program Files/Unity/Hub/Editor/2020.3.45f1/Editor/Data/Resources/UnitySubsystems
[Subsystems] Discovering subsystems at path C:/Users/shoseo/Desktop/고우림/TPS1211/TPS1111/My project/Assets
GfxDevice: creating device client; threaded=0
Direct3D:
    Version:  Direct3D 11.0 [level 11.1]
    Renderer: NVIDIA GeForce GTX 1060 3GB (ID=0x1c02)
    Vendor:   
    VRAM:     2978 MB
    Driver:   31.0.15.3179
Initialize mono
Mono path[0] = 'C:/Program Files/Unity/Hub/Editor/2020.3.45f1/Editor/Data/Managed'
Mono path[1] = 'C:/Program Files/Unity/Hub/Editor/2020.3.45f1/Editor/Data/MonoBleedingEdge/lib/mono/unityjit'
Mono config path = 'C:/Program Files/Unity/Hub/Editor/2020.3.45f1/Editor/Data/MonoBleedingEdge/etc'
Using monoOptions --debugger-agent=transport=dt_socket,embedding=1,server=y,suspend=n,address=127.0.0.1:56996
Begin MonoManager ReloadAssembly
Registering precompiled unity dll's ...
Register platform support module: C:/Program Files/Unity/Hub/Editor/2020.3.45f1/Editor/Data/PlaybackEngines/WindowsStandaloneSupport/UnityEditor.WindowsStandalone.Extensions.dll
Registered in 0.001085 seconds.
Native extension for WindowsStandalone target not found
Refreshing native plugins compatible for Editor in 72.03 ms, found 2 plugins.
Preloading 0 native plugins for Editor in 0.00 ms.
Mono: successfully reloaded assembly
- Completed reload, in  0.600 seconds
Domain Reload Profiling:
	ReloadAssembly (600ms)
		BeginReloadAssembly (55ms)
			ExecutionOrderSort (0ms)
			DisableScriptedObjects (0ms)
			BackupInstance (0ms)
			ReleaseScriptingObjects (0ms)
			CreateAndSetChildDomain (1ms)
		EndReloadAssembly (481ms)
			LoadAssemblies (54ms)
			RebuildTransferFunctionScriptingTraits (0ms)
			SetupTypeCache (148ms)
			ReleaseScriptCaches (0ms)
			RebuildScriptCaches (30ms)
			SetupLoadedEditorAssemblies (199ms)
				LogAssemblyErrors (0ms)
				InitializePlatformSupportModulesInManaged (4ms)
				SetLoadedEditorAssemblies (0ms)
				RefreshPlugins (72ms)
				BeforeProcessingInitializeOnLoad (19ms)
				ProcessInitializeOnLoadAttributes (76ms)
				ProcessInitializeOnLoadMethodAttributes (28ms)
				AfterProcessingInitializeOnLoad (0ms)
				EditorAssembliesLoaded (0ms)
			ExecutionOrderSort2 (0ms)
			AwakeInstancesAfterBackupRestoration (0ms)
Platform modules already initialized, skipping
Registering precompiled user dll's ...
Registered in 0.002435 seconds.
Begin MonoManager ReloadAssembly
Native extension for WindowsStandalone target not found
Refreshing native plugins compatible for Editor in 76.81 ms, found 2 plugins.
Preloading 0 native plugins for Editor in 0.00 ms.
Mono: successfully reloaded assembly
- Completed reload, in  1.201 seconds
Domain Reload Profiling:
	ReloadAssembly (1202ms)
		BeginReloadAssembly (142ms)
			ExecutionOrderSort (0ms)
			DisableScriptedObjects (4ms)
			BackupInstance (0ms)
			ReleaseScriptingObjects (0ms)
			CreateAndSetChildDomain (18ms)
		EndReloadAssembly (999ms)
			LoadAssemblies (95ms)
			RebuildTransferFunctionScriptingTraits (0ms)
			SetupTypeCache (344ms)
			ReleaseScriptCaches (0ms)
			RebuildScriptCaches (61ms)
			SetupLoadedEditorAssemblies (379ms)
				LogAssemblyErrors (0ms)
				InitializePlatformSupportModulesInManaged (3ms)
				SetLoadedEditorAssemblies (1ms)
				RefreshPlugins (77ms)
				BeforeProcessingInitializeOnLoad (87ms)
				ProcessInitializeOnLoadAttributes (198ms)
				ProcessInitializeOnLoadMethodAttributes (10ms)
				AfterProcessingInitializeOnLoad (3ms)
				EditorAssembliesLoaded (0ms)
			ExecutionOrderSort2 (0ms)
			AwakeInstancesAfterBackupRestoration (2ms)
Platform modules already initialized, skipping
========================================================================
Worker process is ready to serve import requests
Launched and connected shader compiler UnityShaderCompiler.exe after 0.04 seconds
Refreshing native plugins compatible for Editor in 0.67 ms, found 2 plugins.
Preloading 0 native plugins for Editor in 0.00 ms.
Unloading 2803 Unused Serialized files (Serialized files now loaded: 0)
System memory in use before: 132.2 MB.
System memory in use after: 130.4 MB.

Unloading 48 unused Assets to reduce memory usage. Loaded Objects now: 3220.
Total: 4.105500 ms (FindLiveObjects: 0.232200 ms CreateObjectMapping: 0.157100 ms MarkObjects: 2.764800 ms  DeleteObjects: 0.950500 ms)

AssetImportParameters requested are different than current active one (requested -> active):
  custom:framework-win-MediaFoundation: 216162199b28c13a410421893ffa2e32 -> 
  custom:video-decoder-ogg-theora: a1e56fd34408186e4bbccfd4996cb3dc -> 
  custom:container-muxer-webm: aa71ff27fc2769a1b78a27578f13a17b -> 
  custom:container-demuxer-webm: 4f35f7cbe854078d1ac9338744f61a02 -> 
  custom:container-demuxer-ogg: 62fdf1f143b41e24485cea50d1cbac27 -> 
  custom:video-encoder-webm-vp8: eb34c28f22e8b96e1ab97ce403110664 -> 
  custom:video-decoder-webm-vp8: 9c59270c3fd7afecdb556c50c9e8de78 -> 
  custom:audio-decoder-ogg-vorbis: bf7c407c2cedff20999df2af8eb42d56 -> 
  custom:audio-encoder-webm-vorbis: bf7c407c2cedff20999df2af8eb42d56 -> 
========================================================================
Received Import Request.
  path: Assets/PolygonBattleRoyale/Scenes/Demo.unity
  artifactKey: Guid(e693fb2e51fa599488a7f68ac51c5c88) Importer(815301076,1909f56bfc062723c751e8b465ee728b)
Start importing Assets/PolygonBattleRoyale/Scenes/Demo.unity using Guid(e693fb2e51fa599488a7f68ac51c5c88) Importer(815301076,1909f56bfc062723c751e8b465ee728b)  -> (artifact id: '8d911145a37a8c368aa6a68168042e33') in 0.010285 seconds 
========================================================================
Received Import Request.
  Time since last request: 16.551260 seconds.
  path: Assets/Scene/New Scene.unity
  artifactKey: Guid(bb0ff8c51d401c24f9e92de333c88ce7) Importer(815301076,1909f56bfc062723c751e8b465ee728b)
Start importing Assets/Scene/New Scene.unity using Guid(bb0ff8c51d401c24f9e92de333c88ce7) Importer(815301076,1909f56bfc062723c751e8b465ee728b)  -> (artifact id: '8dfaf96804d072580303f03b2a5b31dd') in 0.012313 seconds 
========================================================================
Received Prepare
Registering precompiled user dll's ...
Registered in 0.002586 seconds.
Begin MonoManager ReloadAssembly
Native extension for WindowsStandalone target not found
Refreshing native plugins compatible for Editor in 0.71 ms, found 2 plugins.
Preloading 0 native plugins for Editor in 0.00 ms.
Mono: successfully reloaded assembly
- Completed reload, in  0.953 seconds
Domain Reload Profiling:
	ReloadAssembly (954ms)
		BeginReloadAssembly (102ms)
			ExecutionOrderSort (0ms)
			DisableScriptedObjects (4ms)
			BackupInstance (0ms)
			ReleaseScriptingObjects (0ms)
			CreateAndSetChildDomain (33ms)
		EndReloadAssembly (798ms)
			LoadAssemblies (82ms)
			RebuildTransferFunctionScriptingTraits (0ms)
			SetupTypeCache (295ms)
			ReleaseScriptCaches (1ms)
			RebuildScriptCaches (42ms)
			SetupLoadedEditorAssemblies (285ms)
				LogAssemblyErrors (0ms)
				InitializePlatformSupportModulesInManaged (3ms)
				SetLoadedEditorAssemblies (0ms)
				RefreshPlugins (1ms)
				BeforeProcessingInitializeOnLoad (76ms)
				ProcessInitializeOnLoadAttributes (193ms)
				ProcessInitializeOnLoadMethodAttributes (9ms)
				AfterProcessingInitializeOnLoad (2ms)
				EditorAssembliesLoaded (0ms)
			ExecutionOrderSort2 (0ms)
			AwakeInstancesAfterBackupRestoration (5ms)
Platform modules already initialized, skipping
Refreshing native plugins compatible for Editor in 0.73 ms, found 2 plugins.
Preloading 0 native plugins for Editor in 0.00 ms.
Unloading 3143 Unused Serialized files (Serialized files now loaded: 0)
System memory in use before: 138.8 MB.
System memory in use after: 137.0 MB.

Unloading 46 unused Assets to reduce memory usage. Loaded Objects now: 3655.
Total: 3.807200 ms (FindLiveObjects: 0.217000 ms CreateObjectMapping: 0.152400 ms MarkObjects: 2.498100 ms  DeleteObjects: 0.939000 ms)

AssetImportParameters requested are different than current active one (requested -> active):
  custom:framework-win-MediaFoundation: 216162199b28c13a410421893ffa2e32 -> 
  custom:video-decoder-ogg-theora: a1e56fd34408186e4bbccfd4996cb3dc -> 
  custom:container-muxer-webm: aa71ff27fc2769a1b78a27578f13a17b -> 
  custom:container-demuxer-webm: 4f35f7cbe854078d1ac9338744f61a02 -> 
  custom:container-demuxer-ogg: 62fdf1f143b41e24485cea50d1cbac27 -> 
  custom:video-encoder-webm-vp8: eb34c28f22e8b96e1ab97ce403110664 -> 
  custom:video-decoder-webm-vp8: 9c59270c3fd7afecdb556c50c9e8de78 -> 
  custom:audio-decoder-ogg-vorbis: bf7c407c2cedff20999df2af8eb42d56 -> 
  custom:audio-encoder-webm-vorbis: bf7c407c2cedff20999df2af8eb42d56 -> 
========================================================================
Received Import Request.
  Time since last request: 77.486773 seconds.
  path: Assets/PolygonBattleRoyale/Shader/DamageZone.shader
  artifactKey: Guid(d97b2475e12b5c146a78083b2fdbff44) Importer(815301076,1909f56bfc062723c751e8b465ee728b)
Start importing Assets/PolygonBattleRoyale/Shader/DamageZone.shader using Guid(d97b2475e12b5c146a78083b2fdbff44) Importer(815301076,1909f56bfc062723c751e8b465ee728b)  -> (artifact id: '4fec2aa7bce1a77466aeca7ae4b254b7') in 0.035869 seconds 
========================================================================
Received Import Request.
  Time since last request: 14.216536 seconds.
  path: Assets/VeryAnimation/AloneSoft.VeryAnimation.asmdef
  artifactKey: Guid(19a59fe10b1a64444bc43a03b0e2f67b) Importer(815301076,1909f56bfc062723c751e8b465ee728b)
Start importing Assets/VeryAnimation/AloneSoft.VeryAnimation.asmdef using Guid(19a59fe10b1a64444bc43a03b0e2f67b) Importer(815301076,1909f56bfc062723c751e8b465ee728b)  -> (artifact id: '30ca5ff318a66fd53838cb43a9fbe408') in 0.008761 seconds 
========================================================================
Received Import Request.
  Time since last request: 2.068156 seconds.
  path: Assets/VeryAnimation/Demo
  artifactKey: Guid(c65926a962ba65e43b57ab178c03ddb6) Importer(815301076,1909f56bfc062723c751e8b465ee728b)
Start importing Assets/VeryAnimation/Demo using Guid(c65926a962ba65e43b57ab178c03ddb6) Importer(815301076,1909f56bfc062723c751e8b465ee728b)  -> (artifact id: '7e3a5a0c36e6e6a507d6f51f9192cfb0') in 0.010099 seconds 
========================================================================
Received Import Request.
  Time since last request: 1.158372 seconds.
  path: Assets/VeryAnimation/Demo/Edit while paused.unity
  artifactKey: Guid(d5c68dca9af241346b3089345335d044) Importer(815301076,1909f56bfc062723c751e8b465ee728b)
Start importing Assets/VeryAnimation/Demo/Edit while paused.unity using Guid(d5c68dca9af241346b3089345335d044) Importer(815301076,1909f56bfc062723c751e8b465ee728b)  -> (artifact id: 'ec2e1fdd49b973c5a7b80b38ad6a0d92') in 0.009647 seconds 
========================================================================
Received Import Request.
  Time since last request: 32.340523 seconds.
  path: Assets/PolygonBattleRoyale/Models/SM_Chr_Attach_Beard_02.fbx
  artifactKey: Guid(5b0b4402694aa2b4186d1b6094658ba6) Importer(815301076,1909f56bfc062723c751e8b465ee728b)
Start importing Assets/PolygonBattleRoyale/Models/SM_Chr_Attach_Beard_02.fbx using Guid(5b0b4402694aa2b4186d1b6094658ba6) Importer(815301076,1909f56bfc062723c751e8b465ee728b)  -> (artifact id: '08868b5e64c0930c747df92f8e726a41') in 0.223983 seconds 
========================================================================
Received Import Request.
  Time since last request: 0.000261 seconds.
  path: Assets/PolygonBattleRoyale/Models/SM_Chr_Attach_Beard_04.fbx
  artifactKey: Guid(843f9616e5b242045a733017160aff46) Importer(815301076,1909f56bfc062723c751e8b465ee728b)
Start importing Assets/PolygonBattleRoyale/Models/SM_Chr_Attach_Beard_04.fbx using Guid(843f9616e5b242045a733017160aff46) Importer(815301076,1909f56bfc062723c751e8b465ee728b)  -> (artifact id: '0a03f27bb9eba3b0c497fb1e3070a937') in 0.026579 seconds 
========================================================================
Received Import Request.
  Time since last request: 0.000246 seconds.
  path: Assets/PolygonBattleRoyale/Models/SM_Chr_Attach_Facemask_02.fbx
  artifactKey: Guid(34ebfc6862179cd4db7827a5c8d86e76) Importer(815301076,1909f56bfc062723c751e8b465ee728b)
Start importing Assets/PolygonBattleRoyale/Models/SM_Chr_Attach_Facemask_02.fbx using Guid(34ebfc6862179cd4db7827a5c8d86e76) Importer(815301076,1909f56bfc062723c751e8b465ee728b)  -> (artifact id: 'fbb89ddea36a957a0b4f83e11f40dfa2') in 0.023977 seconds 
========================================================================
Received Import Request.
  Time since last request: 0.000176 seconds.
  path: Assets/PolygonBattleRoyale/Models/SM_Chr_Attach_Female_Hair_01.fbx
  artifactKey: Guid(133222c51963f9045b5b5eb42f866d80) Importer(815301076,1909f56bfc062723c751e8b465ee728b)
Start importing Assets/PolygonBattleRoyale/Models/SM_Chr_Attach_Female_Hair_01.fbx using Guid(133222c51963f9045b5b5eb42f866d80) Importer(815301076,1909f56bfc062723c751e8b465ee728b)  -> (artifact id: '79798cf2b0602dbbedbc2c3ab33eac5c') in 0.026114 seconds 
========================================================================
Received Import Request.
  Time since last request: 0.000153 seconds.
  path: Assets/PolygonBattleRoyale/Models/SM_Chr_Attach_Beard_05.fbx
  artifactKey: Guid(afdbbcb3f47e88f4ba779314c83d523f) Importer(815301076,1909f56bfc062723c751e8b465ee728b)
Start importing Assets/PolygonBattleRoyale/Models/SM_Chr_Attach_Beard_05.fbx using Guid(afdbbcb3f47e88f4ba779314c83d523f) Importer(815301076,1909f56bfc062723c751e8b465ee728b)  -> (artifact id: 'aea20ae3636770327fcffecb948af2dd') in 0.024956 seconds 
========================================================================
Received Import Request.
  Time since last request: 0.000138 seconds.
  path: Assets/PolygonBattleRoyale/Models/SM_Chr_Attach_Beard_06.fbx
  artifactKey: Guid(fa2376092f8167246a26214ab80a7cb6) Importer(815301076,1909f56bfc062723c751e8b465ee728b)
Start importing Assets/PolygonBattleRoyale/Models/SM_Chr_Attach_Beard_06.fbx using Guid(fa2376092f8167246a26214ab80a7cb6) Importer(815301076,1909f56bfc062723c751e8b465ee728b)  -> (artifact id: '66623cf30ddd944e16fed44a255b9560') in 0.022085 seconds 
========================================================================
Received Import Request.
  Time since last request: 0.000133 seconds.
  path: Assets/PolygonBattleRoyale/Models/SM_Chr_Attach_Bedroll_01.fbx
  artifactKey: Guid(8044def7f2b040949ad328f8ac65e8f2) Importer(815301076,1909f56bfc062723c751e8b465ee728b)
Start importing Assets/PolygonBattleRoyale/Models/SM_Chr_Attach_Bedroll_01.fbx using Guid(8044def7f2b040949ad328f8ac65e8f2) Importer(815301076,1909f56bfc062723c751e8b465ee728b)  -> (artifact id: '37d40ca5932da51c67f47e32e3e419cb') in 0.022973 seconds 
========================================================================
Received Import Request.
  Time since last request: 0.000152 seconds.
  path: Assets/PolygonBattleRoyale/Models/SM_Chr_Attach_Beard_07.fbx
  artifactKey: Guid(4631becc1c06884469acc8a4a697dd77) Importer(815301076,1909f56bfc062723c751e8b465ee728b)
Start importing Assets/PolygonBattleRoyale/Models/SM_Chr_Attach_Beard_07.fbx using Guid(4631becc1c06884469acc8a4a697dd77) Importer(815301076,1909f56bfc062723c751e8b465ee728b)  -> (artifact id: '07c8b52122ba3610625f9da89cd961aa') in 0.021061 seconds 
========================================================================
Received Import Request.
  Time since last request: 0.000141 seconds.
  path: Assets/PolygonBattleRoyale/Models/SM_Chr_Attach_Female_02.fbx
  artifactKey: Guid(4f13fb4a8bb13ba4882da650f22c91bb) Importer(815301076,1909f56bfc062723c751e8b465ee728b)
Start importing Assets/PolygonBattleRoyale/Models/SM_Chr_Attach_Female_02.fbx using Guid(4f13fb4a8bb13ba4882da650f22c91bb) Importer(815301076,1909f56bfc062723c751e8b465ee728b)  -> (artifact id: '3a3ad9936df84b3fa1497f87fc63668a') in 0.022226 seconds 
========================================================================
Received Import Request.
  Time since last request: 0.000151 seconds.
  path: Assets/PolygonBattleRoyale/Models/SM_Chr_Attach_Facemask_01.fbx
  artifactKey: Guid(cf4b0448ec04ca5408786bf4f6cd0926) Importer(815301076,1909f56bfc062723c751e8b465ee728b)
Start importing Assets/PolygonBattleRoyale/Models/SM_Chr_Attach_Facemask_01.fbx using Guid(cf4b0448ec04ca5408786bf4f6cd0926) Importer(815301076,1909f56bfc062723c751e8b465ee728b)  -> (artifact id: 'b9d466f12960c23134c50401ff9e4aa3') in 0.023271 seconds 
========================================================================
Received Import Request.
  Time since last request: 0.000152 seconds.
  path: Assets/PolygonBattleRoyale/Models/SM_Chr_Attach_Facemask_03.fbx
  artifactKey: Guid(a07899f1d5f18554e80e600b7301781b) Importer(815301076,1909f56bfc062723c751e8b465ee728b)
Start importing Assets/PolygonBattleRoyale/Models/SM_Chr_Attach_Facemask_03.fbx using Guid(a07899f1d5f18554e80e600b7301781b) Importer(815301076,1909f56bfc062723c751e8b465ee728b)  -> (artifact id: 'f7e2a4159d79f87921864e8ae8263fe3') in 0.025175 seconds 
========================================================================
Received Import Request.
  Time since last request: 0.000140 seconds.
  path: Assets/PolygonBattleRoyale/Models/SM_Chr_Attach_Female_Default_Hair_01.fbx
  artifactKey: Guid(3f7f8a30312aff2499b31478228dac7c) Importer(815301076,1909f56bfc062723c751e8b465ee728b)
Start importing Assets/PolygonBattleRoyale/Models/SM_Chr_Attach_Female_Default_Hair_01.fbx using Guid(3f7f8a30312aff2499b31478228dac7c) Importer(815301076,1909f56bfc062723c751e8b465ee728b)  -> (artifact id: '8c105b2988365d692e34abb1e7a9e003') in 0.023190 seconds 
========================================================================
Received Import Request.
  Time since last request: 0.000145 seconds.
  path: Assets/PolygonBattleRoyale/Models/SM_Chr_Attach_Eyepatch_01.fbx
  artifactKey: Guid(1eb961c9ebf78cd45b27d556a5964cb3) Importer(815301076,1909f56bfc062723c751e8b465ee728b)
Start importing Assets/PolygonBattleRoyale/Models/SM_Chr_Attach_Eyepatch_01.fbx using Guid(1eb961c9ebf78cd45b27d556a5964cb3) Importer(815301076,1909f56bfc062723c751e8b465ee728b)  -> (artifact id: 'a802e36955fb3203f44e741648eaa5c3') in 0.022408 seconds 
========================================================================
Received Import Request.
  Time since last request: 0.000183 seconds.
  path: Assets/PolygonBattleRoyale/Models/SM_Chr_Attach_Earmuffs_01.fbx
  artifactKey: Guid(2fcf3878be85cb649a4e231cd64b01c2) Importer(815301076,1909f56bfc062723c751e8b465ee728b)
Start importing Assets/PolygonBattleRoyale/Models/SM_Chr_Attach_Earmuffs_01.fbx using Guid(2fcf3878be85cb649a4e231cd64b01c2) Importer(815301076,1909f56bfc062723c751e8b465ee728b)  -> (artifact id: '9992f904c2f766641a7108eacc9f1918') in 0.022768 seconds 
========================================================================
Received Import Request.
  Time since last request: 0.000146 seconds.
  path: Assets/PolygonBattleRoyale/Models/SM_Chr_Attach_Female_01.fbx
  artifactKey: Guid(46317a2bb8c9f2040a7e3baab4720a6f) Importer(815301076,1909f56bfc062723c751e8b465ee728b)
Start importing Assets/PolygonBattleRoyale/Models/SM_Chr_Attach_Female_01.fbx using Guid(46317a2bb8c9f2040a7e3baab4720a6f) Importer(815301076,1909f56bfc062723c751e8b465ee728b)  -> (artifact id: '8f09cfdbdee967c65ee1656e3939b63d') in 0.024572 seconds 
========================================================================
Received Import Request.
  Time since last request: 0.000141 seconds.
  path: Assets/PolygonBattleRoyale/Models/SM_Chr_Attach_Beard_03.fbx
  artifactKey: Guid(c1ba765bc77a9ff4ca089845ab41bb9e) Importer(815301076,1909f56bfc062723c751e8b465ee728b)
Start importing Assets/PolygonBattleRoyale/Models/SM_Chr_Attach_Beard_03.fbx using Guid(c1ba765bc77a9ff4ca089845ab41bb9e) Importer(815301076,1909f56bfc062723c751e8b465ee728b)  -> (artifact id: '46c058968e46f2c9010ec25e3163cf4d') in 0.023284 seconds 
========================================================================
Received Import Request.
  Time since last request: 4.284005 seconds.
  path: Assets/PolygonBattleRoyale/Prefabs/Buildings
  artifactKey: Guid(e81c7855549507f469a26c364e4fe6c9) Importer(815301076,1909f56bfc062723c751e8b465ee728b)
Start importing Assets/PolygonBattleRoyale/Prefabs/Buildings using Guid(e81c7855549507f469a26c364e4fe6c9) Importer(815301076,1909f56bfc062723c751e8b465ee728b)  -> (artifact id: 'b58006fcbd6976545d6a2f461998813c') in 0.016959 seconds 
========================================================================
Received Import Request.
  Time since last request: 2.699691 seconds.
  path: Assets/PolygonBattleRoyale/Prefabs/Environments/SM_Env_Road_Corner_02.prefab
  artifactKey: Guid(38f589c09288e384f93b93dc34dc435b) Importer(815301076,1909f56bfc062723c751e8b465ee728b)
Start importing Assets/PolygonBattleRoyale/Prefabs/Environments/SM_Env_Road_Corner_02.prefab using Guid(38f589c09288e384f93b93dc34dc435b) Importer(815301076,1909f56bfc062723c751e8b465ee728b)  -> (artifact id: '566665cd4c35f213ed3c189731c6d2ad') in 0.063887 seconds 
========================================================================
Received Import Request.
  Time since last request: 0.000288 seconds.
  path: Assets/PolygonBattleRoyale/Prefabs/Environments/SM_Env_Rock_01.prefab
  artifactKey: Guid(d7beb5687da9e074fbb0455868c345dd) Importer(815301076,1909f56bfc062723c751e8b465ee728b)
Start importing Assets/PolygonBattleRoyale/Prefabs/Environments/SM_Env_Rock_01.prefab using Guid(d7beb5687da9e074fbb0455868c345dd) Importer(815301076,1909f56bfc062723c751e8b465ee728b)  -> (artifact id: 'd6cd4fc8a6a91ad465ff32a5f0048781') in 0.026896 seconds 
========================================================================
Received Import Request.
  Time since last request: 0.000385 seconds.
  path: Assets/PolygonBattleRoyale/Prefabs/Environments/SM_Env_Rock_02.prefab
  artifactKey: Guid(1e3861f9ad1beae4eadd9ad081712f57) Importer(815301076,1909f56bfc062723c751e8b465ee728b)
Start importing Assets/PolygonBattleRoyale/Prefabs/Environments/SM_Env_Rock_02.prefab using Guid(1e3861f9ad1beae4eadd9ad081712f57) Importer(815301076,1909f56bfc062723c751e8b465ee728b)  -> (artifact id: '2d3b9232575c836db1abd6be3f6b3ed0') in 0.021423 seconds 
========================================================================
Received Import Request.
  Time since last request: 0.000246 seconds.
  path: Assets/PolygonBattleRoyale/Prefabs/Environments/SM_Env_Road_Straight_01.prefab
  artifactKey: Guid(37c3590bcdbc7c648ac2969b6b7a08a3) Importer(815301076,1909f56bfc062723c751e8b465ee728b)
Start importing Assets/PolygonBattleRoyale/Prefabs/Environments/SM_Env_Road_Straight_01.prefab using Guid(37c3590bcdbc7c648ac2969b6b7a08a3) Importer(815301076,1909f56bfc062723c751e8b465ee728b)  -> (artifact id: 'f18a745ec73404cdee91ceea9efb7092') in 0.022176 seconds 
========================================================================
Received Import Request.
  Time since last request: 0.000251 seconds.
  path: Assets/PolygonBattleRoyale/Prefabs/Environments/SM_Env_Road_Cross_01.prefab
  artifactKey: Guid(e1573fe8f21982d4094eadc2e21d3ece) Importer(815301076,1909f56bfc062723c751e8b465ee728b)
Start importing Assets/PolygonBattleRoyale/Prefabs/Environments/SM_Env_Road_Cross_01.prefab using Guid(e1573fe8f21982d4094eadc2e21d3ece) Importer(815301076,1909f56bfc062723c751e8b465ee728b)  -> (artifact id: '325fe3f662b523f8b5cb25c8d8c7a7de') in 0.027385 seconds 
========================================================================
Received Import Request.
  Time since last request: 0.000148 seconds.
  path: Assets/PolygonBattleRoyale/Prefabs/Environments/SM_Env_Road_Straight_03.prefab
  artifactKey: Guid(63f52685b1f2fab498745a15377a2b35) Importer(815301076,1909f56bfc062723c751e8b465ee728b)
Start importing Assets/PolygonBattleRoyale/Prefabs/Environments/SM_Env_Road_Straight_03.prefab using Guid(63f52685b1f2fab498745a15377a2b35) Importer(815301076,1909f56bfc062723c751e8b465ee728b)  -> (artifact id: '37dd68d89a905796013d16e1b84f5464') in 0.018027 seconds 
========================================================================
Received Import Request.
  Time since last request: 0.000230 seconds.
  path: Assets/PolygonBattleRoyale/Prefabs/Environments/SM_Env_Road_Straight_Damaged_01.prefab
  artifactKey: Guid(d4725f49d59dd1347a470fd3ff9c880f) Importer(815301076,1909f56bfc062723c751e8b465ee728b)
Start importing Assets/PolygonBattleRoyale/Prefabs/Environments/SM_Env_Road_Straight_Damaged_01.prefab using Guid(d4725f49d59dd1347a470fd3ff9c880f) Importer(815301076,1909f56bfc062723c751e8b465ee728b)  -> (artifact id: '4c227e7f8def5b692cbd3c630a2ad807') in 0.016875 seconds 
========================================================================
Received Import Request.
  Time since last request: 0.000148 seconds.
  path: Assets/PolygonBattleRoyale/Prefabs/Environments/SM_Env_Road_Straight_02.prefab
  artifactKey: Guid(1e085e653e87a0048b04e267a68b60e8) Importer(815301076,1909f56bfc062723c751e8b465ee728b)
Start importing Assets/PolygonBattleRoyale/Prefabs/Environments/SM_Env_Road_Straight_02.prefab using Guid(1e085e653e87a0048b04e267a68b60e8) Importer(815301076,1909f56bfc062723c751e8b465ee728b)  -> (artifact id: '599ce55d2bdd1719e0da258f33d9d705') in 0.022182 seconds 
========================================================================
Received Import Request.
  Time since last request: 0.000132 seconds.
  path: Assets/PolygonBattleRoyale/Prefabs/Environments/SM_Env_Road_Straight_Damaged_03.prefab
  artifactKey: Guid(fdd5deee0cd2c644f9ff5983007de72d) Importer(815301076,1909f56bfc062723c751e8b465ee728b)
Start importing Assets/PolygonBattleRoyale/Prefabs/Environments/SM_Env_Road_Straight_Damaged_03.prefab using Guid(fdd5deee0cd2c644f9ff5983007de72d) Importer(815301076,1909f56bfc062723c751e8b465ee728b)  -> (artifact id: 'a760cec52f598225b3ce87d7ae44b8f7') in 0.017850 seconds 
========================================================================
Received Import Request.
  Time since last request: 0.000130 seconds.
  path: Assets/PolygonBattleRoyale/Prefabs/Environments/SM_Env_Rubble_Pebbles_01.prefab
  artifactKey: Guid(b3cdda3cca11aab4b831821407447d27) Importer(815301076,1909f56bfc062723c751e8b465ee728b)
Start importing Assets/PolygonBattleRoyale/Prefabs/Environments/SM_Env_Rubble_Pebbles_01.prefab using Guid(b3cdda3cca11aab4b831821407447d27) Importer(815301076,1909f56bfc062723c751e8b465ee728b)  -> (artifact id: '5b06eec23c357a76d7e67fd731773ff0') in 0.027498 seconds 
========================================================================
Received Import Request.
  Time since last request: 0.000140 seconds.
  path: Assets/PolygonBattleRoyale/Prefabs/Environments/SM_Env_Road_Straight_End_01.prefab
  artifactKey: Guid(061ef3f04c08a1647b3f8d4a9835b9e2) Importer(815301076,1909f56bfc062723c751e8b465ee728b)
Start importing Assets/PolygonBattleRoyale/Prefabs/Environments/SM_Env_Road_Straight_End_01.prefab using Guid(061ef3f04c08a1647b3f8d4a9835b9e2) Importer(815301076,1909f56bfc062723c751e8b465ee728b)  -> (artifact id: '83b15cc06e7e53d881dd8a2c38316cb9') in 0.019947 seconds 
========================================================================
Received Import Request.
  Time since last request: 0.000169 seconds.
  path: Assets/PolygonBattleRoyale/Prefabs/Environments/SM_Env_Road_T_01.prefab
  artifactKey: Guid(1802cdb3d0fa94246908ed9fd379f689) Importer(815301076,1909f56bfc062723c751e8b465ee728b)
Start importing Assets/PolygonBattleRoyale/Prefabs/Environments/SM_Env_Road_T_01.prefab using Guid(1802cdb3d0fa94246908ed9fd379f689) Importer(815301076,1909f56bfc062723c751e8b465ee728b)  -> (artifact id: '0fc4d1f46dfc701636648d5b846dda1b') in 0.021706 seconds 
========================================================================
Received Import Request.
  Time since last request: 0.000140 seconds.
  path: Assets/PolygonBattleRoyale/Prefabs/Environments/SM_Env_Rubble_Pile_01.prefab
  artifactKey: Guid(aa510ff3d2aaac5429850d22a2941247) Importer(815301076,1909f56bfc062723c751e8b465ee728b)
Start importing Assets/PolygonBattleRoyale/Prefabs/Environments/SM_Env_Rubble_Pile_01.prefab using Guid(aa510ff3d2aaac5429850d22a2941247) Importer(815301076,1909f56bfc062723c751e8b465ee728b)  -> (artifact id: '1094d74d10924da1446f28173fbfbf9f') in 0.018911 seconds 
========================================================================
Received Import Request.
  Time since last request: 0.000150 seconds.
  path: Assets/PolygonBattleRoyale/Prefabs/Environments/SM_Env_Road_Straight_Damaged_02.prefab
  artifactKey: Guid(b4f843017807dfb45a67046282e14faf) Importer(815301076,1909f56bfc062723c751e8b465ee728b)
Start importing Assets/PolygonBattleRoyale/Prefabs/Environments/SM_Env_Road_Straight_Damaged_02.prefab using Guid(b4f843017807dfb45a67046282e14faf) Importer(815301076,1909f56bfc062723c751e8b465ee728b)  -> (artifact id: 'cba40476fc854fce5a1cdbc2d90c93f9') in 0.019825 seconds 
========================================================================
Received Import Request.
  Time since last request: 0.000176 seconds.
  path: Assets/PolygonBattleRoyale/Prefabs/Environments/SM_Env_Rubble_Pebbles_02.prefab
  artifactKey: Guid(20d4d1d81be647842afbca4b0c65e82d) Importer(815301076,1909f56bfc062723c751e8b465ee728b)
Start importing Assets/PolygonBattleRoyale/Prefabs/Environments/SM_Env_Rubble_Pebbles_02.prefab using Guid(20d4d1d81be647842afbca4b0c65e82d) Importer(815301076,1909f56bfc062723c751e8b465ee728b)  -> (artifact id: '96d9032d8b1743227bfb472bbbec5e26') in 0.018886 seconds 
========================================================================
Received Import Request.
  Time since last request: 0.000151 seconds.
  path: Assets/PolygonBattleRoyale/Prefabs/Environments/SM_Env_Rubble_Pebbles_03.prefab
  artifactKey: Guid(dcc4f2b0304bbd04bb61515da38c14d7) Importer(815301076,1909f56bfc062723c751e8b465ee728b)
Start importing Assets/PolygonBattleRoyale/Prefabs/Environments/SM_Env_Rubble_Pebbles_03.prefab using Guid(dcc4f2b0304bbd04bb61515da38c14d7) Importer(815301076,1909f56bfc062723c751e8b465ee728b)  -> (artifact id: '340e1e378784b5c05cfd7f56528e6279') in 0.018982 seconds 
========================================================================
Received Prepare
Registering precompiled user dll's ...
Registered in 0.002355 seconds.
Begin MonoManager ReloadAssembly
Native extension for WindowsStandalone target not found
Refreshing native plugins compatible for Editor in 0.72 ms, found 2 plugins.
Preloading 0 native plugins for Editor in 0.00 ms.
Mono: successfully reloaded assembly
- Completed reload, in  1.029 seconds
Domain Reload Profiling:
	ReloadAssembly (1029ms)
		BeginReloadAssembly (114ms)
			ExecutionOrderSort (0ms)
			DisableScriptedObjects (7ms)
			BackupInstance (0ms)
			ReleaseScriptingObjects (0ms)
			CreateAndSetChildDomain (32ms)
		EndReloadAssembly (863ms)
			LoadAssemblies (84ms)
			RebuildTransferFunctionScriptingTraits (0ms)
			SetupTypeCache (307ms)
			ReleaseScriptCaches (2ms)
			RebuildScriptCaches (45ms)
			SetupLoadedEditorAssemblies (309ms)
				LogAssemblyErrors (0ms)
				InitializePlatformSupportModulesInManaged (3ms)
				SetLoadedEditorAssemblies (0ms)
				RefreshPlugins (1ms)
				BeforeProcessingInitializeOnLoad (79ms)
				ProcessInitializeOnLoadAttributes (212ms)
				ProcessInitializeOnLoadMethodAttributes (10ms)
				AfterProcessingInitializeOnLoad (3ms)
				EditorAssembliesLoaded (0ms)
			ExecutionOrderSort2 (0ms)
			AwakeInstancesAfterBackupRestoration (10ms)
Platform modules already initialized, skipping
Refreshing native plugins compatible for Editor in 0.75 ms, found 2 plugins.
Preloading 0 native plugins for Editor in 0.00 ms.
Unloading 3143 Unused Serialized files (Serialized files now loaded: 0)
System memory in use before: 144.4 MB.
System memory in use after: 142.6 MB.

Unloading 46 unused Assets to reduce memory usage. Loaded Objects now: 3707.
Total: 4.050800 ms (FindLiveObjects: 0.221400 ms CreateObjectMapping: 0.135700 ms MarkObjects: 2.706200 ms  DeleteObjects: 0.986800 ms)

AssetImportParameters requested are different than current active one (requested -> active):
  custom:framework-win-MediaFoundation: 216162199b28c13a410421893ffa2e32 -> 
  custom:video-decoder-ogg-theora: a1e56fd34408186e4bbccfd4996cb3dc -> 
  custom:container-muxer-webm: aa71ff27fc2769a1b78a27578f13a17b -> 
  custom:container-demuxer-webm: 4f35f7cbe854078d1ac9338744f61a02 -> 
  custom:container-demuxer-ogg: 62fdf1f143b41e24485cea50d1cbac27 -> 
  custom:video-encoder-webm-vp8: eb34c28f22e8b96e1ab97ce403110664 -> 
  custom:video-decoder-webm-vp8: 9c59270c3fd7afecdb556c50c9e8de78 -> 
  custom:audio-decoder-ogg-vorbis: bf7c407c2cedff20999df2af8eb42d56 -> 
  custom:audio-encoder-webm-vorbis: bf7c407c2cedff20999df2af8eb42d56 -> 
========================================================================
Received Import Request.
  Time since last request: 56.859527 seconds.
  path: Assets/Anim/Test.controller
  artifactKey: Guid(ffc895f81044f5f41881468f3915c15e) Importer(815301076,1909f56bfc062723c751e8b465ee728b)
Start importing Assets/Anim/Test.controller using Guid(ffc895f81044f5f41881468f3915c15e) Importer(815301076,1909f56bfc062723c751e8b465ee728b)  -> (artifact id: 'f02025f5cdd6ca6dc76ac42d4cbb32e5') in 0.026548 seconds 
========================================================================
Received Import Request.
  Time since last request: 77.502163 seconds.
  path: Assets/PolygonBattleRoyale/Scenes/Demo/NavMesh.asset
  artifactKey: Guid(fb4279428b8120948b1c28740739292e) Importer(815301076,1909f56bfc062723c751e8b465ee728b)
Start importing Assets/PolygonBattleRoyale/Scenes/Demo/NavMesh.asset using Guid(fb4279428b8120948b1c28740739292e) Importer(815301076,1909f56bfc062723c751e8b465ee728b)  -> (artifact id: '60d7ae9f62ef7e4c3a5e7fbfd14ab906') in 0.012923 seconds 
========================================================================
Received Import Request.
  Time since last request: 5.663065 seconds.
  path: Assets/PolygonParticleFX/Materials/PolygonParticleFX_Blood.mat
  artifactKey: Guid(9efedd2a02a24ac479e285d244f6b34e) Importer(815301076,1909f56bfc062723c751e8b465ee728b)
Start importing Assets/PolygonParticleFX/Materials/PolygonParticleFX_Blood.mat using Guid(9efedd2a02a24ac479e285d244f6b34e) Importer(815301076,1909f56bfc062723c751e8b465ee728b)  -> (artifact id: '1de430490deea3442fefbef767ce43c8') in 0.176040 seconds 
========================================================================
Received Import Request.
  Time since last request: 0.764215 seconds.
  path: Assets/PolygonParticleFX/Prefabs/FX_ArtilleryShell_01.prefab
  artifactKey: Guid(d60e1bbe20a224f47955cf3a78063800) Importer(815301076,1909f56bfc062723c751e8b465ee728b)
Start importing Assets/PolygonParticleFX/Prefabs/FX_ArtilleryShell_01.prefab using Guid(d60e1bbe20a224f47955cf3a78063800) Importer(815301076,1909f56bfc062723c751e8b465ee728b)  -> (artifact id: '5c318e4b6d98c3069232e32c3555dba1') in 0.056603 seconds 
========================================================================
Received Import Request.
  Time since last request: 0.000399 seconds.
  path: Assets/PolygonParticleFX/Prefabs/FX_ArtilleryStrike_01.prefab
  artifactKey: Guid(d8628f56ce986894a9be0c0fc92627bd) Importer(815301076,1909f56bfc062723c751e8b465ee728b)
Start importing Assets/PolygonParticleFX/Prefabs/FX_ArtilleryStrike_01.prefab using Guid(d8628f56ce986894a9be0c0fc92627bd) Importer(815301076,1909f56bfc062723c751e8b465ee728b)  -> (artifact id: 'a6dd315e05e7ab157ff80593ae460df6') in 0.022503 seconds 
========================================================================
Received Import Request.
  Time since last request: 20.540657 seconds.
  path: Assets/VeryAnimation/Demo/ParameterRelatedCurves
  artifactKey: Guid(63954067a7a43cb40a474b17577716a1) Importer(815301076,1909f56bfc062723c751e8b465ee728b)
Start importing Assets/VeryAnimation/Demo/ParameterRelatedCurves using Guid(63954067a7a43cb40a474b17577716a1) Importer(815301076,1909f56bfc062723c751e8b465ee728b)  -> (artifact id: '6dde3671a0561b0adce9f84d73378cfa') in 0.012070 seconds 
========================================================================
Received Import Request.
  Time since last request: 10.333089 seconds.
  path: Assets/VeryAnimation/Demo/Assets/Human.fbx
  artifactKey: Guid(5cddae8639da1a149a18c27ec5b4d5d7) Importer(815301076,1909f56bfc062723c751e8b465ee728b)
Start importing Assets/VeryAnimation/Demo/Assets/Human.fbx using Guid(5cddae8639da1a149a18c27ec5b4d5d7) Importer(815301076,1909f56bfc062723c751e8b465ee728b)  -> (artifact id: '720f3d53fccbc8a4394dd6eb61e20fc4') in 0.043055 seconds 
========================================================================
Received Import Request.
  Time since last request: 0.000388 seconds.
  path: Assets/VeryAnimation/Demo/Assets/Human_Generic.fbx
  artifactKey: Guid(62caf820c4547b640ae000ff69880023) Importer(815301076,1909f56bfc062723c751e8b465ee728b)
Start importing Assets/VeryAnimation/Demo/Assets/Human_Generic.fbx using Guid(62caf820c4547b640ae000ff69880023) Importer(815301076,1909f56bfc062723c751e8b465ee728b)  -> (artifact id: '7362a0dcc3d3e9319a11349ebf9c46f2') in 0.034454 seconds 
========================================================================
Received Import Request.
  Time since last request: 1.712425 seconds.
  path: Assets/VeryAnimation/Demo/Assets/HandPoseTemplate/HandPose.asset
  artifactKey: Guid(6bfed19121837174686598e428d2e705) Importer(815301076,1909f56bfc062723c751e8b465ee728b)
Start importing Assets/VeryAnimation/Demo/Assets/HandPoseTemplate/HandPose.asset using Guid(6bfed19121837174686598e428d2e705) Importer(815301076,1909f56bfc062723c751e8b465ee728b)  -> (artifact id: '1b3261a7314d45ea162ad5e68126057a') in 0.009191 seconds 
========================================================================
Received Import Request.
  Time since last request: 0.826065 seconds.
  path: Assets/VeryAnimation/Demo/Assets/PoseTemplate/Animation.asset
  artifactKey: Guid(f79edc1f52fccc940b5c2d627fecebd7) Importer(815301076,1909f56bfc062723c751e8b465ee728b)
Start importing Assets/VeryAnimation/Demo/Assets/PoseTemplate/Animation.asset using Guid(f79edc1f52fccc940b5c2d627fecebd7) Importer(815301076,1909f56bfc062723c751e8b465ee728b)  -> (artifact id: 'd47004afce0ad34f0b80d3a70d0dd14a') in 0.009352 seconds 
========================================================================
Received Import Request.
  Time since last request: 0.000289 seconds.
  path: Assets/VeryAnimation/Demo/Assets/PoseTemplate/Very.asset
  artifactKey: Guid(144b904560e7de842a2c3d15fcda2c43) Importer(815301076,1909f56bfc062723c751e8b465ee728b)
Start importing Assets/VeryAnimation/Demo/Assets/PoseTemplate/Very.asset using Guid(144b904560e7de842a2c3d15fcda2c43) Importer(815301076,1909f56bfc062723c751e8b465ee728b)  -> (artifact id: '14fc2f5a6735a7ca37590799584a81e1') in 0.012514 seconds 
========================================================================
Received Import Request.
  Time since last request: 0.367798 seconds.
  path: Assets/VeryAnimation/Demo/Assets/Prefabs/Human.prefab
  artifactKey: Guid(d7bea7513eff3ca40bb3323f1fdf0f3b) Importer(815301076,1909f56bfc062723c751e8b465ee728b)
Start importing Assets/VeryAnimation/Demo/Assets/Prefabs/Human.prefab using Guid(d7bea7513eff3ca40bb3323f1fdf0f3b) Importer(815301076,1909f56bfc062723c751e8b465ee728b)  -> (artifact id: '092b22abe32b3a974660eba5e1000399') in 0.019163 seconds 
========================================================================
Received Import Request.
  Time since last request: 0.000334 seconds.
  path: Assets/VeryAnimation/Demo/Assets/Prefabs/Human_Generic.prefab
  artifactKey: Guid(2fb392413217bdc49ba5bfa78280fee4) Importer(815301076,1909f56bfc062723c751e8b465ee728b)
Start importing Assets/VeryAnimation/Demo/Assets/Prefabs/Human_Generic.prefab using Guid(2fb392413217bdc49ba5bfa78280fee4) Importer(815301076,1909f56bfc062723c751e8b465ee728b)  -> (artifact id: '6f7153c5bd80425dd85d32a6178b3515') in 0.023327 seconds 
========================================================================
Received Import Request.
  Time since last request: 33.113973 seconds.
  path: Assets/ZombieAnimationPackFree/Animations/2-attack_inversed_horizontal_right_hand.anim
  artifactKey: Guid(4769b6942d381534693021d6050610a6) Importer(815301076,1909f56bfc062723c751e8b465ee728b)
Start importing Assets/ZombieAnimationPackFree/Animations/2-attack_inversed_horizontal_right_hand.anim using Guid(4769b6942d381534693021d6050610a6) Importer(815301076,1909f56bfc062723c751e8b465ee728b)  -> (artifact id: '5c1d504cf34a2d9e0d5a7f85dbebc97e') in 0.030807 seconds 
========================================================================
Received Import Request.
  Time since last request: 2722.347061 seconds.
  path: Assets/ZombieAnimationPackFree/Models/Appearance/BH-2/Textures/Default/BH-2_AlbedoTransparency.png
  artifactKey: Guid(931df4d4a68a36c4bbe6f8a885e359c5) Importer(815301076,1909f56bfc062723c751e8b465ee728b)
Start importing Assets/ZombieAnimationPackFree/Models/Appearance/BH-2/Textures/Default/BH-2_AlbedoTransparency.png using Guid(931df4d4a68a36c4bbe6f8a885e359c5) Importer(815301076,1909f56bfc062723c751e8b465ee728b)  -> (artifact id: '84e7e1766f025bb8de30e62864da453e') in 0.062627 seconds 
========================================================================
Received Import Request.
  Time since last request: 0.000409 seconds.
  path: Assets/ZombieAnimationPackFree/Models/Appearance/BH-2/Textures/Default/BH-2_Normal.png
  artifactKey: Guid(77def7bddd60da24fab01a6a4df8464d) Importer(815301076,1909f56bfc062723c751e8b465ee728b)
Start importing Assets/ZombieAnimationPackFree/Models/Appearance/BH-2/Textures/Default/BH-2_Normal.png using Guid(77def7bddd60da24fab01a6a4df8464d) Importer(815301076,1909f56bfc062723c751e8b465ee728b)  -> (artifact id: '61750c7036b22ee4d540fcbb431e1732') in 0.038199 seconds 
========================================================================
Received Import Request.
  Time since last request: 0.000275 seconds.
  path: Assets/ZombieAnimationPackFree/Models/Appearance/BH-2/Textures/Default/BH-2_Emission.png
  artifactKey: Guid(054fa0bdd695ab14f9ea74b90066060d) Importer(815301076,1909f56bfc062723c751e8b465ee728b)
Start importing Assets/ZombieAnimationPackFree/Models/Appearance/BH-2/Textures/Default/BH-2_Emission.png using Guid(054fa0bdd695ab14f9ea74b90066060d) Importer(815301076,1909f56bfc062723c751e8b465ee728b)  -> (artifact id: 'cda2edff654c488db000d891e7241b83') in 0.028432 seconds 
========================================================================
Received Import Request.
  Time since last request: 0.000373 seconds.
  path: Assets/ZombieAnimationPackFree/Models/Appearance/BH-2/Textures/Default/BH-2_SpecularSmoothness.png
  artifactKey: Guid(5672d5d3608fb384bb78a29e71974327) Importer(815301076,1909f56bfc062723c751e8b465ee728b)
Start importing Assets/ZombieAnimationPackFree/Models/Appearance/BH-2/Textures/Default/BH-2_SpecularSmoothness.png using Guid(5672d5d3608fb384bb78a29e71974327) Importer(815301076,1909f56bfc062723c751e8b465ee728b)  -> (artifact id: '891709162c27b3b6a34f4fc0aa97076a') in 0.034548 seconds 
========================================================================
Received Import Request.
  Time since last request: 607.036802 seconds.
  path: Assets/Anim/Test.anim
  artifactKey: Guid(bf35c761204335a428f9ad3382c4b939) Importer(815301076,1909f56bfc062723c751e8b465ee728b)
Start importing Assets/Anim/Test.anim using Guid(bf35c761204335a428f9ad3382c4b939) Importer(815301076,1909f56bfc062723c751e8b465ee728b)  -> (artifact id: '8093a29f9687eba39205577402a1693c') in 0.013462 seconds 
========================================================================
Received Import Request.
  Time since last request: 155.127556 seconds.
  path: Assets/Anim/Test.controller
  artifactKey: Guid(ffc895f81044f5f41881468f3915c15e) Importer(815301076,1909f56bfc062723c751e8b465ee728b)
Start importing Assets/Anim/Test.controller using Guid(ffc895f81044f5f41881468f3915c15e) Importer(815301076,1909f56bfc062723c751e8b465ee728b)  -> (artifact id: '516e27e306f7214bda4cac9985617f2b') in 0.005756 seconds 
========================================================================
Received Import Request.
  Time since last request: 2.144087 seconds.
  path: Assets/Anim/Test.anim
  artifactKey: Guid(bf35c761204335a428f9ad3382c4b939) Importer(815301076,1909f56bfc062723c751e8b465ee728b)
Start importing Assets/Anim/Test.anim using Guid(bf35c761204335a428f9ad3382c4b939) Importer(815301076,1909f56bfc062723c751e8b465ee728b)  -> (artifact id: '4c53bcdefbc7abd5af8c8827addb1547') in 0.004048 seconds 
========================================================================
Received Import Request.
  Time since last request: 831.708302 seconds.
  path: Assets/Timeline/CutScene.playable
  artifactKey: Guid(e39112c7d385b5046a8c23fcf67a8a4c) Importer(815301076,1909f56bfc062723c751e8b465ee728b)
Start importing Assets/Timeline/CutScene.playable using Guid(e39112c7d385b5046a8c23fcf67a8a4c) Importer(815301076,1909f56bfc062723c751e8b465ee728b)  -> (artifact id: '3f26114c1454ac061d68a736a1dfb0cd') in 0.028345 seconds 
AssetImportWorkerClient::OnTransportError - code=2 error=End of file
